
 ______          ____
/\__  _\        /\  _`\
\/_/\ \/        \ \ \L\ \     __   __  _
   \ \ \  _______\ \ ,  /   /'__`\/\ \/'\
    \ \ \/\______\\ \ \\ \ /\  __/\/>  </
     \ \_\/______/ \ \_\ \_\ \____\/\_/\_\
      \/_/          \/_/\/ /\/____/\//\/_/


