
                           ______ ______________________
                           ___  / __  __ \_  ___/_  ___/
                           __  /  _  / / /____ \_____ \
                           _  /___/ /_/ /____/ /____/ /
                           /_____/\____/ /____/ /____/







________                               ___        ___    _____                   ______                                        _____
___  __ \__________________________    _( )____  __( )   __  /______     ___________  /_____ _____  __   ______ _______ ______ ___(_)______
__  /_/ /_  ___/  _ \_  ___/_  ___/    _|/__  / / /|/    _  __/  __ \    ___  __ \_  /_  __ `/_  / / /   _  __ `/_  __ `/  __ `/_  /__  __ \
_  ____/_  /   /  __/(__  )_(__  )        _  /_/ /       / /_ / /_/ /    __  /_/ /  / / /_/ /_  /_/ /    / /_/ /_  /_/ // /_/ /_  / _  / / /
/_/     /_/    \___//____/ /____/         _\__, /        \__/ \____/     _  .___//_/  \__,_/ _\__, /     \__,_/ _\__, / \__,_/ /_/  /_/ /_/
                                          /____/                         /_/                 /____/             /____/
                  ___       ___    _____                         __________     ___________
______________    _( )_____ _( )   __  /______     ______ ____  ____(_)_  /_    __  /___  /______     _______ ______ _______ ________
_  __ \_  ___/    _|/_  __ `/|/    _  __/  __ \    _  __ `/  / / /_  /_  __/    _  __/_  __ \  _ \    __  __ `/  __ `/_  __ `__ \  _ \
/ /_/ /  /           / /_/ /       / /_ / /_/ /    / /_/ // /_/ /_  / / /_      / /_ _  / / /  __/    _  /_/ // /_/ /_  / / / / /  __/
\____//_/            \__, /        \__/ \____/     \__, / \__,_/ /_/  \__/      \__/ /_/ /_/\___/     _\__, / \__,_/ /_/ /_/ /_/\___/
                       /_/                           /_/                                              /____/
